<?xml version="1.0" encoding="UTF-8"?>
<testsuite name="greetings.GreetingControllerSpec" tests="1" skipped="0" failures="0" errors="0" timestamp="2018-06-18T08:36:53" hostname="MacBook-Pro.local" time="0.467">
  <properties/>
  <testcase name="test greeting" classname="greetings.GreetingControllerSpec" time="0.467"/>
  <system-out><![CDATA[03:36:52.695 [Test worker] INFO  i.m.context.env.DefaultEnvironment - Established active environments: [test]
03:36:52.720 [Test worker] INFO  i.m.context.env.DefaultEnvironment - Established active environments: [test]
03:36:54.109 [nioEventLoopGroup-1-4] INFO  greetings.services.GreetingService - Message for Beth
]]></system-out>
  <system-err><![CDATA[]]></system-err>
</testsuite>
